<?xml version="1.0" encoding="UTF-8"?>
<!-- Generated by org.testng.reporters.JUnitXMLReporter -->
<testsuite ignored="2" hostname="Kritika" failures="0" tests="2" name="Test" time="16.372" errors="0" timestamp="25 May 2024 20:11:04 GMT">
  <testcase classname="testcases.login" name="loginasAdmin" time="2.112"/>
  <testcase classname="testcases.adduser" name="adminlink" time="14.221"/>
  <testcase classname="Base.testBase" name="@AfterSuite TearDown" time="0.0">
    <ignored/>
  </testcase> <!-- @AfterSuite TearDown -->
  <testcase classname="Base.testBase" name="@BeforeSuite SetUp" time="0.0">
    <ignored/>
  </testcase> <!-- @BeforeSuite SetUp -->
</testsuite> <!-- Test -->
