<?xml version="1.0" encoding="UTF-8"?>
<testng-results ignored="2" total="4" passed="2" failed="0" skipped="0">
  <reporter-output>
  </reporter-output>
  <suite started-at="2024-05-25T20:10:48Z" name="Suite" finished-at="2024-05-25T20:11:04Z" duration-ms="16372">
    <groups>
    </groups>
    <test started-at="2024-05-25T20:10:48Z" name="Test" finished-at="2024-05-25T20:11:04Z" duration-ms="16372">
      <class name="testcases.adduser">
        <test-method signature="adminlink()[pri:0, instance:testcases.adduser@e1de817]" started-at="2024-05-25T20:10:50Z" name="adminlink" finished-at="2024-05-25T20:11:04Z" duration-ms="14221" status="PASS">
          <reporter-output>
          </reporter-output>
        </test-method> <!-- adminlink -->
      </class> <!-- testcases.adduser -->
      <class name="testcases.login">
        <test-method is-config="true" signature="SetUp()[pri:0, instance:testcases.login@5939a379]" started-at="2024-05-25T20:10:40Z" name="SetUp" finished-at="2024-05-25T20:10:48Z" duration-ms="8447" status="PASS">
          <reporter-output>
          </reporter-output>
        </test-method> <!-- SetUp -->
        <test-method signature="loginasAdmin()[pri:0, instance:testcases.login@5939a379]" started-at="2024-05-25T20:10:48Z" name="loginasAdmin" finished-at="2024-05-25T20:10:50Z" duration-ms="2112" status="PASS">
          <reporter-output>
          </reporter-output>
        </test-method> <!-- loginasAdmin -->
        <test-method is-config="true" signature="TearDown()[pri:0, instance:testcases.login@5939a379]" started-at="2024-05-25T20:11:04Z" name="TearDown" finished-at="2024-05-25T20:11:04Z" duration-ms="0" status="PASS">
          <reporter-output>
          </reporter-output>
        </test-method> <!-- TearDown -->
      </class> <!-- testcases.login -->
    </test> <!-- Test -->
  </suite> <!-- Suite -->
</testng-results>
