<?xml version="1.0" encoding="UTF-8"?>
<!-- Generated by org.testng.reporters.JUnitXMLReporter -->
<testsuite ignored="0" hostname="Kritika" failures="0" tests="1" name="Login Test" time="0.018" errors="0" timestamp="18 Feb 2024 18:56:18 GMT">
  <testcase classname="Base.testBase" name="@BeforeSuite SetUp" time="0.006">
    <failure type="java.lang.NullPointerException" message="Cannot invoke &amp;quot;org.openqa.selenium.WebDriver.get(String)&amp;quot; because &amp;quot;Base.testBase.driver&amp;quot; is null">
      <![CDATA[java.lang.NullPointerException: Cannot invoke "org.openqa.selenium.WebDriver.get(String)" because "Base.testBase.driver" is null
at Base.testBase.SetUp(testBase.java:37)
... Removed 20 stack frames]]>
    </failure>
  </testcase> <!-- @BeforeSuite SetUp -->
  <testcase classname="testcases.login" name="loginasAdmin" time="0.0">
    <skipped/>
  </testcase> <!-- loginasAdmin -->
</testsuite> <!-- Login Test -->
